<?xml version="1.0" encoding="UTF-8" ?>
<testsuite tests="3" failures="2" name="CucumberTest.TestRunner" time="13.762" errors="0" skipped="0">
  <properties>
[...]
</properties>
  <testcase classname="EQ Global Login Test" name="Login into EQGlobal" time="7.919"/>
  <testcase classname="EQ Global Login Test" name="Login into EQGlobal" time="2.94">
    <failure message="expected:&lt;[MarTrust]&gt; but was:&lt;[Equiniti International Payments]&gt;" type="org.junit.ComparisonFailure">org.junit.ComparisonFailure: expected:&lt;[MarTrust]&gt; but was:&lt;[Equiniti International Payments]&gt;
	at org.junit.Assert.assertEquals(Assert.java:115)
	at org.junit.Assert.assertEquals(Assert.java:144)
	at Cucumber.EqGlobal.StepDefinition.LoginStepDefinition.home_Page_Displayed(LoginStepDefinition.java:73)
	at ✽.Home Page Displayed(src/test/resources/LoginFeature.feature:29)
</failure>
    <system-err>[main] WARN cucumber.runtime.SerenityBackend - It looks like you are running a feature using @RunWith(Cucumber.class) instead of @RunWith(CucumberWithSerenity.class). Are you sure this is what you meant to do?
Starting ChromeDriver 2.38.552522 (437e6fbedfa8762dec75e2c5b3ddb86763dc9dcb) on port 11875
Only local connections are allowed.
Jun 25, 2018 4:00:15 PM org.openqa.selenium.remote.ProtocolHandshake createSession
INFO: Detected dialect: OSS
</system-err>
  </testcase>
  <testcase classname="EQ Global Login Test" name="Login into EQGlobal" time="2.903">
    <failure message="expected:&lt;[Santander Corporate &amp; Commercial]&gt; but was:&lt;[Equiniti International Payments]&gt;" type="org.junit.ComparisonFailure">org.junit.ComparisonFailure: expected:&lt;[Santander Corporate &amp; Commercial]&gt; but was:&lt;[Equiniti International Payments]&gt;
	at org.junit.Assert.assertEquals(Assert.java:115)
	at org.junit.Assert.assertEquals(Assert.java:144)
	at Cucumber.EqGlobal.StepDefinition.LoginStepDefinition.home_Page_Displayed(LoginStepDefinition.java:73)
	at ✽.Home Page Displayed(src/test/resources/LoginFeature.feature:29)
</failure>
    <system-err>[main] WARN cucumber.runtime.SerenityBackend - It looks like you are running a feature using @RunWith(Cucumber.class) instead of @RunWith(CucumberWithSerenity.class). Are you sure this is what you meant to do?
Starting ChromeDriver 2.38.552522 (437e6fbedfa8762dec75e2c5b3ddb86763dc9dcb) on port 36760
Only local connections are allowed.
Jun 25, 2018 4:00:17 PM org.openqa.selenium.remote.ProtocolHandshake createSession
INFO: Detected dialect: OSS
</system-err>
  </testcase>
</testsuite>